<?xml version="1.0" encoding="UTF-8"?>
<testsuite name="org.seoultech.tableapi.TableApiApplicationTests" tests="1" skipped="0" failures="0" errors="0" timestamp="2024-11-09T06:45:50" hostname="saeyeon.local" time="0.495">
  <properties/>
  <testcase name="contextLoads()" classname="org.seoultech.tableapi.TableApiApplicationTests" time="0.495"/>
  <system-out><![CDATA[15:45:46.925 [Test worker] INFO org.springframework.test.context.support.AnnotationConfigContextLoaderUtils -- Could not detect default configuration classes for test class [org.seoultech.tableapi.TableApiApplicationTests]: TableApiApplicationTests does not declare any static, non-private, non-final, nested classes annotated with @Configuration.
15:45:47.028 [Test worker] INFO org.springframework.boot.test.context.SpringBootTestContextBootstrapper -- Found @SpringBootConfiguration org.seoultech.tableapi.TableApiApplication for test class org.seoultech.tableapi.TableApiApplicationTests

  .   ____          _            __ _ _
 /\\ / ___'_ __ _ _(_)_ __  __ _ \ \ \ \
( ( )\___ | '_ | '_| | '_ \/ _` | \ \ \ \
 \\/  ___)| |_)| | | | | || (_| |  ) ) ) )
  '  |____| .__|_| |_|_| |_\__, | / / / /
 =========|_|==============|___/=/_/_/_/

 :: Spring Boot ::                (v3.3.5)

2024-11-09T15:45:47.437+09:00  INFO 92431 --- [table-api] [    Test worker] o.s.tableapi.TableApiApplicationTests    : Starting TableApiApplicationTests using Java 21.0.2 with PID 92431 (started by saeyeonn in /Users/saeyeonn/Desktop/프로젝트/table-api)
2024-11-09T15:45:47.440+09:00  INFO 92431 --- [table-api] [    Test worker] o.s.tableapi.TableApiApplicationTests    : No active profile set, falling back to 1 default profile: "default"
2024-11-09T15:45:48.028+09:00  INFO 92431 --- [table-api] [    Test worker] .s.d.r.c.RepositoryConfigurationDelegate : Bootstrapping Spring Data JPA repositories in DEFAULT mode.
2024-11-09T15:45:48.073+09:00  INFO 92431 --- [table-api] [    Test worker] .s.d.r.c.RepositoryConfigurationDelegate : Finished Spring Data repository scanning in 39 ms. Found 1 JPA repository interface.
2024-11-09T15:45:48.453+09:00  INFO 92431 --- [table-api] [    Test worker] com.zaxxer.hikari.HikariDataSource       : HikariPool-1 - Starting...
2024-11-09T15:45:48.608+09:00  INFO 92431 --- [table-api] [    Test worker] com.zaxxer.hikari.pool.HikariPool        : HikariPool-1 - Added connection conn0: url=jdbc:h2:mem:e16dbee1-8863-440c-82b1-315ac0137985 user=SA
2024-11-09T15:45:48.609+09:00  INFO 92431 --- [table-api] [    Test worker] com.zaxxer.hikari.HikariDataSource       : HikariPool-1 - Start completed.
2024-11-09T15:45:48.648+09:00  INFO 92431 --- [table-api] [    Test worker] o.hibernate.jpa.internal.util.LogHelper  : HHH000204: Processing PersistenceUnitInfo [name: default]
2024-11-09T15:45:48.687+09:00  INFO 92431 --- [table-api] [    Test worker] org.hibernate.Version                    : HHH000412: Hibernate ORM core version 6.5.3.Final
2024-11-09T15:45:48.719+09:00  INFO 92431 --- [table-api] [    Test worker] o.h.c.internal.RegionFactoryInitiator    : HHH000026: Second-level cache disabled
2024-11-09T15:45:49.002+09:00  INFO 92431 --- [table-api] [    Test worker] o.s.o.j.p.SpringPersistenceUnitInfo      : No LoadTimeWeaver setup: ignoring JPA class transformer
2024-11-09T15:45:49.789+09:00  INFO 92431 --- [table-api] [    Test worker] o.h.e.t.j.p.i.JtaPlatformInitiator       : HHH000489: No JTA platform available (set 'hibernate.transaction.jta.platform' to enable JTA platform integration)
2024-11-09T15:45:49.828+09:00  INFO 92431 --- [table-api] [    Test worker] j.LocalContainerEntityManagerFactoryBean : Initialized JPA EntityManagerFactory for persistence unit 'default'
2024-11-09T15:45:49.983+09:00  WARN 92431 --- [table-api] [    Test worker] JpaBaseConfiguration$JpaWebConfiguration : spring.jpa.open-in-view is enabled by default. Therefore, database queries may be performed during view rendering. Explicitly configure spring.jpa.open-in-view to disable this warning
2024-11-09T15:45:50.440+09:00  WARN 92431 --- [table-api] [    Test worker] .s.s.UserDetailsServiceAutoConfiguration : 

Using generated security password: 7f448bc3-e8c4-45f8-a2ec-72ebe433a1a2

This generated password is for development use only. Your security configuration must be updated before running your application in production.

2024-11-09T15:45:50.461+09:00  INFO 92431 --- [table-api] [    Test worker] r$InitializeUserDetailsManagerConfigurer : Global AuthenticationManager configured with UserDetailsService bean with name inMemoryUserDetailsManager
2024-11-09T15:45:50.591+09:00  INFO 92431 --- [table-api] [    Test worker] o.s.tableapi.TableApiApplicationTests    : Started TableApiApplicationTests in 3.428 seconds (process running for 4.632)
]]></system-out>
  <system-err><![CDATA[WARNING: A Java agent has been loaded dynamically (/Users/saeyeonn/.gradle/caches/modules-2/files-2.1/net.bytebuddy/byte-buddy-agent/1.14.19/154da3a65b4f4a909d3e5bdec55d1b2b4cbb6ce1/byte-buddy-agent-1.14.19.jar)
WARNING: If a serviceability tool is in use, please run with -XX:+EnableDynamicAgentLoading to hide this warning
WARNING: If a serviceability tool is not in use, please run with -Djdk.instrument.traceUsage for more information
WARNING: Dynamic loading of agents will be disallowed by default in a future release
]]></system-err>
</testsuite>
